<?xml version="1.0" encoding="UTF-8"?>
<!-- Generated by org.testng.reporters.JUnitXMLReporter -->
<testsuite ignored="0" hostname="IBM-8MDV4D4" failures="0" tests="7" name="Surefire test" time="3.703" errors="0" timestamp="2026-01-08T16:53:28 IST">
  <testcase classname="com.ibm.tests.PractisePageTest" name="@BeforeClass setup" time="-1.767871404953E9">
    <failure type="org.testng.TestNGException" message="
Parameter &amp;apos;browser&amp;apos; is required by BeforeClass on method setup but has not been marked @Optional or defined
">
      <![CDATA[org.testng.TestNGException: 
Parameter 'browser' is required by BeforeClass on method setup but has not been marked @Optional or defined

at java.base/java.util.ArrayList.forEach(ArrayList.java:1604)
... Removed 27 stack frames]]>
    </failure>
  </testcase> <!-- @BeforeClass setup -->
  <testcase classname="com.ibm.tests.TestHomePage" name="@BeforeClass setup" time="-1.767871404997E9">
    <failure type="org.testng.TestNGException" message="
Parameter &amp;apos;browser&amp;apos; is required by BeforeClass on method setup but has not been marked @Optional or defined
">
      <![CDATA[org.testng.TestNGException: 
Parameter 'browser' is required by BeforeClass on method setup but has not been marked @Optional or defined

at java.base/java.util.ArrayList.forEach(ArrayList.java:1604)
... Removed 27 stack frames]]>
    </failure>
  </testcase> <!-- @BeforeClass setup -->
  <testcase classname="com.ibm.tests.TestLoginMa" name="@BeforeClass setup" time="-1.767871405001E9">
    <failure type="org.testng.TestNGException" message="
Parameter &amp;apos;browser&amp;apos; is required by BeforeClass on method setup but has not been marked @Optional or defined
">
      <![CDATA[org.testng.TestNGException: 
Parameter 'browser' is required by BeforeClass on method setup but has not been marked @Optional or defined

at java.base/java.util.ArrayList.forEach(ArrayList.java:1604)
... Removed 27 stack frames]]>
    </failure>
  </testcase> <!-- @BeforeClass setup -->
  <testcase classname="com.ibm.tests.TestPageException" name="@BeforeClass setup" time="-1.767871408608E9">
    <failure type="org.testng.TestNGException" message="
Parameter &amp;apos;browser&amp;apos; is required by BeforeClass on method setup but has not been marked @Optional or defined
">
      <![CDATA[org.testng.TestNGException: 
Parameter 'browser' is required by BeforeClass on method setup but has not been marked @Optional or defined

at java.base/java.util.ArrayList.forEach(ArrayList.java:1604)
... Removed 27 stack frames]]>
    </failure>
  </testcase> <!-- @BeforeClass setup -->
  <testcase classname="com.ibm.tests.PractisePageTest" name="testNavigation" time="0.001">
    <skipped/>
  </testcase> <!-- testNavigation -->
  <testcase classname="com.ibm.tests.TestHomePage" name="testNameField" time="0.0">
    <skipped/>
  </testcase> <!-- testNameField -->
  <testcase classname="com.ibm.tests.TestLoginMa" name="TestLoginWorks" time="0.0">
    <skipped/>
  </testcase> <!-- TestLoginWorks -->
  <testcase classname="com.ibm.tests.TestLoginMa" name="TestLoginWorks2" time="0.0">
    <skipped/>
  </testcase> <!-- TestLoginWorks2 -->
  <testcase classname="com.ibm.tests.TestMyWebApp2" name="f" time="0.453"/>
  <testcase classname="com.ibm.tests.TestPageException" name="testfirstfield" time="0.0">
    <skipped/>
  </testcase> <!-- testfirstfield -->
  <testcase classname="com.ibm.tests.TestPageException" name="testfield2" time="0.0">
    <skipped/>
  </testcase> <!-- testfield2 -->
</testsuite> <!-- Surefire test -->
