<?xml version="1.0" encoding="UTF-8"?>
<!-- Generated by org.testng.reporters.JUnitXMLReporter -->
<testsuite ignored="0" hostname="IBM-8MDV4D4" failures="0" tests="1" name="Test" time="0.083" errors="0" timestamp="2025-12-31T16:27:59 IST">
  <testcase classname="com.ibm.tests.PractisePageTest" name="@BeforeMethod setup" time="-1.767178679345E9">
    <failure type="org.testng.TestNGException" message="
Parameter &amp;apos;browser&amp;apos; is required by BeforeMethod on method setup but has not been marked @Optional or defined
in C:\Users\SohamHazra\eclipse-workspace\demopageobjectmodel\src\test\java\Practise.xml">
      <![CDATA[org.testng.TestNGException: 
Parameter 'browser' is required by BeforeMethod on method setup but has not been marked @Optional or defined
in C:\Users\SohamHazra\eclipse-workspace\demopageobjectmodel\src\test\java\Practise.xml
at java.base/java.util.ArrayList.forEach(ArrayList.java:1596)
... Removed 28 stack frames]]>
    </failure>
  </testcase> <!-- @BeforeMethod setup -->
  <testcase classname="com.ibm.tests.PractisePageTest" name="testNavigation" time="0.001">
    <skipped/>
  </testcase> <!-- testNavigation -->
</testsuite> <!-- Test -->
