<?xml version="1.0" encoding="UTF-8"?>
<!-- Generated by org.testng.reporters.JUnitXMLReporter -->
<testsuite ignored="0" hostname="IBM-8MDV4D4" failures="0" tests="2" name="TestPageException" time="8.373" errors="0" timestamp="2026-01-09T16:45:17 IST">
  <testcase classname="com.ibm.tests.TestPageException" name="testfirstfield" time="0.0">
    <skipped/>
  </testcase> <!-- testfirstfield -->
  <testcase classname="com.ibm.tests.TestPageException" name="testfield2" time="0.0">
    <skipped/>
  </testcase> <!-- testfield2 -->
</testsuite> <!-- TestPageException -->
