<?xml version="1.0" encoding="UTF-8"?>
<!-- Generated by org.testng.reporters.JUnitXMLReporter -->
<testsuite ignored="0" hostname="IBM-8MDV4D4" failures="0" tests="2" name="Test3" time="0.019" errors="0" timestamp="2025-12-31T16:27:59 IST">
  <testcase classname="com.ibm.tests.TestLoginMa" name="TestLoginWorks" time="0.0">
    <skipped/>
  </testcase> <!-- TestLoginWorks -->
  <testcase classname="com.ibm.tests.TestLoginMa" name="TestLoginWorks2" time="0.0">
    <skipped/>
  </testcase> <!-- TestLoginWorks2 -->
</testsuite> <!-- Test3 -->
