<?xml version="1.0" encoding="UTF-8"?>
<!-- Generated by org.testng.reporters.JUnitXMLReporter -->
<testsuite ignored="0" hostname="IBM-8MDV4D4" failures="0" tests="2" name="Test5" time="0.012" errors="0" timestamp="2025-12-31T16:27:59 IST">
  <testcase classname="com.ibm.tests.Tabletest" name="tabletest1" time="0.0">
    <skipped/>
  </testcase> <!-- tabletest1 -->
  <testcase classname="com.ibm.tests.Tabletest" name="tabletest2" time="0.0">
    <skipped/>
  </testcase> <!-- tabletest2 -->
</testsuite> <!-- Test5 -->
