<?xml version="1.0" encoding="UTF-8"?>
<!-- Generated by org.testng.reporters.JUnitReportReporter -->
<testsuite hostname="IBM-8MDV4D4" failures="0" tests="2" name="com.ibm.tests.TestPageException" time="6.056" errors="0" timestamp="2025-12-31T17:06:22 IST" skipped="0">
  <testcase classname="com.ibm.tests.TestPageException" name="testfirstfield" time="0.468"/>
  <testcase classname="com.ibm.tests.TestPageException" name="testfield2" time="5.588"/>
</testsuite> <!-- com.ibm.tests.TestPageException -->
